Base path: D:/Unity/Editor/Data
Pipe name: \\.\pipe\UnityShaderCompiler-64bit-1-1776
Cmd: getPlatforms
Cmd: preprocess
  insize=993 outsize=1276 ok=1
Cmd: compileSnippet
  api=4 type=0 insize=7427 outsize=3492 kw=DIRECTIONAL SHADOWS_OFF LIGHTMAP_OFF DIRLIGHTMAP_OFF DYNAMICLIGHTMAP_OFF ok=1
Cmd: compileSnippet
  api=4 type=1 insize=7427 outsize=10082 kw=DIRECTIONAL SHADOWS_OFF LIGHTMAP_OFF DIRLIGHTMAP_OFF DYNAMICLIGHTMAP_OFF ok=1
Cmd: compileSnippet
  api=4 type=0 insize=4236 outsize=2737 kw=POINT SHADOWS_OFF ok=1
Cmd: compileSnippet
  api=4 type=1 insize=4236 outsize=6076 kw=POINT SHADOWS_OFF ok=1
Cmd: compileSnippet
  api=4 type=0 insize=6545 outsize=3492 kw=LIGHTMAP_OFF DIRLIGHTMAP_OFF DYNAMICLIGHTMAP_OFF HDR_LIGHT_PREPASS_OFF ok=1
Cmd: compileSnippet
  api=4 type=1 insize=6545 outsize=7400 kw=LIGHTMAP_OFF DIRLIGHTMAP_OFF DYNAMICLIGHTMAP_OFF HDR_LIGHT_PREPASS_OFF ok=1
Cmd: compileSnippet
  api=4 type=0 insize=3489 outsize=2468 kw= ok=1
Cmd: compileSnippet
  api=4 type=1 insize=3489 outsize=1298 kw= ok=1
Cmd: preprocess
  insize=990 outsize=1273 ok=1
Cmd: compileSnippet
  api=4 type=0 insize=4236 outsize=2737 kw=DIRECTIONAL SHADOWS_OFF ok=1
Cmd: compileSnippet
  api=4 type=1 insize=4236 outsize=5280 kw=DIRECTIONAL SHADOWS_OFF ok=1
Cmd: preprocess
  insize=32 outsize=29 ok=1
Cmd: preprocess
  insize=98 outsize=95 ok=1
Cmd: preprocess
  insize=97 outsize=94 ok=1
Cmd: preprocess
  error: 1 plat 15 at (12): Both vertex and fragment programs must be present in a CGPROGRAM. Excluding it from compilation.
  error: 1 plat 15 at (12): Warning: it's recommended to change '// fragment ' to '#pragma fragment '
  error: 1 plat 15 at (12): Warning: it's recommended to change '// vertex ' to '#pragma vertex '
  insize=533 outsize=168 ok=1
Cmd: preprocess
  insize=645 outsize=200 ok=1
Cmd: compileSnippet
  error: 2 plat 4 at (28): syntax error: unexpected token 'struct'\nCompiling Vertex program
  api=4 type=0 insize=744 outsize=0 kw= ok=0
Cmd: preprocess
  insize=649 outsize=200 ok=1
Cmd: compileSnippet
  api=4 type=0 insize=748 outsize=762 kw= ok=1
Cmd: compileSnippet
  api=4 type=1 insize=748 outsize=453 kw= ok=1
Cmd: preprocess
  insize=816 outsize=232 ok=1
Cmd: compileSnippet
  api=4 type=0 insize=883 outsize=1014 kw= ok=1
Cmd: compileSnippet
  api=4 type=1 insize=883 outsize=502 kw= ok=1
Cmd: preprocess
  insize=892 outsize=232 ok=1
Cmd: compileSnippet
  error: 2 plat 4 at (41): 'mul': no matching 2 parameter intrinsic function; Possible intrinsic functions are: mul(float|half|double|min10float|min16float|int|uint|min12int|min16int|min16uint, float|half|double|min10float|min16float|int|uint|min12int|min16int|min16uint) mul(float|half|double|min10float|min16float|int|uint|min12int|min16int|min16uint, floatK|halfK|doubleK|min10floatK|min16floatK|intK|uintK|min12intK|min16intK|min16uintK) mul(float|half|double|min10float|min16float|int|uint|min12int|min16int|min16uint, floatLxK|halfLxK|doubleLxK|min10floatLxK|min16floatLxK|intLxK|uintLxK|min12intLxK|min16intLxK|min16uintLxK) mul(floatM|halfM|doubleM|min10floatM|min16floatM|intM|uintM|min12intM|min16intM|min16uintM, float|half|double|min10float|min16float|int|uint|min12int|min16int|min16uint) mul(floatM|halfM|doubleM|min10floatM|min16floatM|intM|uintM|min12intM|min16intM|min16uintM, floatM|halfM|doubleM|min10floatM|min16floatM|intM|uintM|min12intM|min16intM|min16uintM) mul(floatM|halfM|doubleM|min10floatM|min16floatM|intM|uintM|min12intM|min16intM|min16uintM, floatMxK|halfMxK|doubleMxK|min10floatMxK|min16floatMxK|intMxK|uintMxK|min12intMxK|min16intMxK|min16uintMxK) mul(floatNxM|halfNxM|doubleNxM|min10floatNxM|min16floatNxM|intNxM|uintNxM|min12intNxM|min16intNxM|min16uintNxM, float|half|double|min10float|min16float|int|uint|min12int|min16int|min16uint) mul(floatNxM|halfNxM|doubleNxM|min10floatNxM|min16floatNxM|intNxM|uintNxM|min12intNxM|min16intNxM|min16uintNxM, floatM|halfM|doubleM|min10floatM|min16floatM|intM|uintM|min12intM|min16intM|min16uintM) mul(floatNxM|halfNxM|doubleNxM|min10floatNxM|min16floatNxM|intNxM|uintNxM|min12intNxM|min16intNxM|min16uintNxM, floatMxK|halfMxK|doubleMxK|min10floatMxK|min16floatMxK|intMxK|uintMxK|min12intMxK|min16intMxK|min16uintMxK)\nCompiling Vertex program
  error: 2 plat 4 at (41): undeclared identifier '_World20bject'\nCompiling Vertex program
  api=4 type=0 insize=959 outsize=0 kw= ok=0
Cmd: preprocess
  insize=912 outsize=232 ok=1
Cmd: compileSnippet
  error: 2 plat 4 at (41): 'mul': no matching 2 parameter intrinsic function; Possible intrinsic functions are: mul(float|half|double|min10float|min16float|int|uint|min12int|min16int|min16uint, float|half|double|min10float|min16float|int|uint|min12int|min16int|min16uint) mul(float|half|double|min10float|min16float|int|uint|min12int|min16int|min16uint, floatK|halfK|doubleK|min10floatK|min16floatK|intK|uintK|min12intK|min16intK|min16uintK) mul(float|half|double|min10float|min16float|int|uint|min12int|min16int|min16uint, floatLxK|halfLxK|doubleLxK|min10floatLxK|min16floatLxK|intLxK|uintLxK|min12intLxK|min16intLxK|min16uintLxK) mul(floatM|halfM|doubleM|min10floatM|min16floatM|intM|uintM|min12intM|min16intM|min16uintM, float|half|double|min10float|min16float|int|uint|min12int|min16int|min16uint) mul(floatM|halfM|doubleM|min10floatM|min16floatM|intM|uintM|min12intM|min16intM|min16uintM, floatM|halfM|doubleM|min10floatM|min16floatM|intM|uintM|min12intM|min16intM|min16uintM) mul(floatM|halfM|doubleM|min10floatM|min16floatM|intM|uintM|min12intM|min16intM|min16uintM, floatMxK|halfMxK|doubleMxK|min10floatMxK|min16floatMxK|intMxK|uintMxK|min12intMxK|min16intMxK|min16uintMxK) mul(floatNxM|halfNxM|doubleNxM|min10floatNxM|min16floatNxM|intNxM|uintNxM|min12intNxM|min16intNxM|min16uintNxM, float|half|double|min10float|min16float|int|uint|min12int|min16int|min16uint) mul(floatNxM|halfNxM|doubleNxM|min10floatNxM|min16floatNxM|intNxM|uintNxM|min12intNxM|min16intNxM|min16uintNxM, floatM|halfM|doubleM|min10floatM|min16floatM|intM|uintM|min12intM|min16intM|min16uintM) mul(floatNxM|halfNxM|doubleNxM|min10floatNxM|min16floatNxM|intNxM|uintNxM|min12intNxM|min16intNxM|min16uintNxM, floatMxK|halfMxK|doubleMxK|min10floatMxK|min16floatMxK|intMxK|uintMxK|min12intMxK|min16intMxK|min16uintMxK)\nCompiling Vertex program
  error: 2 plat 4 at (41): undeclared identifier '_World20bject'\nCompiling Vertex program
  api=4 type=0 insize=979 outsize=0 kw= ok=0
Cmd: preprocess
  insize=936 outsize=232 ok=1
Cmd: compileSnippet
  api=4 type=0 insize=1003 outsize=1014 kw= ok=1
Cmd: compileSnippet
  api=4 type=1 insize=1003 outsize=502 kw= ok=1
Cmd: preprocess
  insize=1149 outsize=232 ok=1
Cmd: compileSnippet
  api=4 type=0 insize=1216 outsize=1591 kw= ok=1
Cmd: compileSnippet
  api=4 type=1 insize=1216 outsize=502 kw= ok=1
Cmd: preprocess
  insize=1169 outsize=271 ok=1
Cmd: compileSnippet
  api=4 type=0 insize=1197 outsize=1591 kw= ok=1
Cmd: compileSnippet
  api=4 type=1 insize=1197 outsize=502 kw= ok=1
Cmd: preprocess
  insize=1179 outsize=270 ok=1
Cmd: compileSnippet
  api=4 type=0 insize=1207 outsize=1672 kw= ok=1
Cmd: compileSnippet
  api=4 type=1 insize=1207 outsize=502 kw= ok=1
Cmd: preprocess
  insize=1206 outsize=270 ok=1
Cmd: compileSnippet
  api=4 type=0 insize=1234 outsize=1745 kw= ok=1
Cmd: compileSnippet
  api=4 type=1 insize=1234 outsize=502 kw= ok=1
Cmd: preprocess
  insize=1219 outsize=271 ok=1
Cmd: compileSnippet
  api=4 type=0 insize=1247 outsize=1810 kw= ok=1
Cmd: compileSnippet
  api=4 type=1 insize=1247 outsize=502 kw= ok=1
Cmd: compileSnippet
  api=4 type=0 insize=14306 outsize=3809 kw=DIRECTIONAL SHADOWS_OFF LIGHTMAP_OFF DIRLIGHTMAP_OFF DYNAMICLIGHTMAP_OFF ok=1
Cmd: compileSnippet
  api=4 type=1 insize=14306 outsize=1420 kw=DIRECTIONAL SHADOWS_OFF LIGHTMAP_OFF DIRLIGHTMAP_OFF DYNAMICLIGHTMAP_OFF ok=1
Cmd: compileSnippet
  api=4 type=0 insize=7914 outsize=2899 kw=DIRECTIONAL ok=1
Cmd: compileSnippet
  api=4 type=1 insize=7914 outsize=1274 kw=DIRECTIONAL ok=1
Cmd: compileSnippet
  api=4 type=0 insize=7914 outsize=2899 kw=POINT ok=1
Cmd: compileSnippet
  api=4 type=1 insize=7914 outsize=2054 kw=POINT ok=1
